Flutter crash report.
Please report a bug at https://github.com/flutter/flutter/issues.

## command

flutter create .

## exception

PathExistsException: PathExistsException: Creation failed, path = 'D:\projet-flutter\weather-app\android' (OS Error: Impossible de créer un fichier déjà existant, errno = 183)

```
#0      _Directory.createSync (dart:io/directory_impl.dart:145:7)
#1      _Directory.createSync (dart:io/directory_impl.dart:140:16)
#2      _File.createSync (dart:io/file_impl.dart:341:14)
#3      ForwardingFile.createSync (package:file/src/forwarding/forwarding_file.dart:26:16)
#4      ErrorHandlingFile.createSync.<anonymous closure> (package:flutter_tools/src/base/error_handling_io.dart:265:22)
#5      _runSync (package:flutter_tools/src/base/error_handling_io.dart:552:14)
#6      ErrorHandlingFile.createSync (package:flutter_tools/src/base/error_handling_io.dart:264:5)
#7      Template.render.<anonymous closure> (package:flutter_tools/src/template.dart:350:28)
#8      _LinkedHashMapMixin.forEach (dart:_compact_hash:765:13)
#9      Template.render (package:flutter_tools/src/template.dart:310:24)
#10     CreateBase.renderMerged (package:flutter_tools/src/commands/create_base.dart:431:21)
<asynchronous suspension>
#11     CreateBase.generateApp (package:flutter_tools/src/commands/create_base.dart:454:23)
<asynchronous suspension>
#12     CreateCommand.runCommand (package:flutter_tools/src/commands/create.dart:453:31)
<asynchronous suspension>
#13     FlutterCommand.run.<anonymous closure> (package:flutter_tools/src/runner/flutter_command.dart:1559:27)
<asynchronous suspension>
#14     AppContext.run.<anonymous closure> (package:flutter_tools/src/base/context.dart:154:19)
<asynchronous suspension>
#15     CommandRunner.runCommand (package:args/command_runner.dart:212:13)
<asynchronous suspension>
#16     FlutterCommandRunner.runCommand.<anonymous closure> (package:flutter_tools/src/runner/flutter_command_runner.dart:487:9)
<asynchronous suspension>
#17     AppContext.run.<anonymous closure> (package:flutter_tools/src/base/context.dart:154:19)
<asynchronous suspension>
#18     FlutterCommandRunner.runCommand (package:flutter_tools/src/runner/flutter_command_runner.dart:422:5)
<asynchronous suspension>
#19     run.<anonymous closure>.<anonymous closure> (package:flutter_tools/runner.dart:104:11)
<asynchronous suspension>
#20     AppContext.run.<anonymous closure> (package:flutter_tools/src/base/context.dart:154:19)
<asynchronous suspension>
#21     main (package:flutter_tools/executable.dart:103:3)
<asynchronous suspension>
```

## flutter doctor

```
[✓] Flutter (Channel stable, 3.38.9, on Microsoft Windows [version 10.0.22631.6199], locale fr-SN) [1 025ms]
    • Flutter version 3.38.9 on channel stable at C:\flutter_windows_3.38.3-stable\flutter
    • Upstream repository https://github.com/flutter/flutter.git
    • Framework revision 67323de285 (5 weeks ago), 2026-01-28 13:43:12 -0800
    • Engine revision 587c18f873
    • Dart version 3.10.8
    • DevTools version 2.51.1
    • Feature flags: enable-web, enable-linux-desktop, enable-macos-desktop, enable-windows-desktop, enable-android, enable-ios, cli-animations, enable-native-assets, omit-legacy-version-file, enable-lldb-debugging

[✓] Windows Version (11 Professionnel 64-bit, 23H2, 2009) [4,9s]

[!] Android toolchain - develop for Android devices (Android SDK version 36.1.0) [1 059ms]
    • Android SDK at C:\Users\Pro\AppData\Local\Android\sdk
    • Emulator version 36.3.10.0 (build_id 14472402) (CL:N/A)
    ✗ cmdline-tools component is missing.
      Try installing or updating Android Studio.
      Alternatively, download the tools from https://developer.android.com/studio#command-line-tools-only and make sure to set the ANDROID_HOME environment variable.
      See https://developer.android.com/studio/command-line for more details.
    ✗ Android license status unknown.
      Run `flutter doctor --android-licenses` to accept the SDK licenses.
      See https://flutter.dev/to/windows-android-setup for more details.

[✓] Chrome - develop for the web [553ms]
    • Chrome at C:\Program Files\Google\Chrome\Application\chrome.exe

[!] Visual Studio - develop Windows apps (Visual Studio Community 2026 18.1.1) [549ms]
    • Visual Studio at C:\Program Files\Microsoft Visual Studio\18\Community
    • Visual Studio Community 2026 version 18.1.11312.151
    ✗ Visual Studio is missing necessary components. Please re-run the Visual Studio installer for the "Desktop development with C++" workload, and include these components:
        MSVC v142 - VS 2019 C++ x64/x86 build tools
         - If there are multiple build tool versions available, install the latest
        C++ CMake tools for Windows
        Windows 10 SDK

[✓] Connected device (4 available) [629ms]
    • sdk gphone64 x86 64 (mobile) • emulator-5554 • android-x64    • Android 16 (API 36) (emulator)
    • Windows (desktop)            • windows       • windows-x64    • Microsoft Windows [version 10.0.22631.6199]
    • Chrome (web)                 • chrome        • web-javascript • Google Chrome 145.0.7632.117
    • Edge (web)                   • edge          • web-javascript • Microsoft Edge 145.0.3800.70

[✓] Network resources [929ms]
    • All expected network resources are available.

! Doctor found issues in 2 categories.
```
